Using pre-set license
Built from '2021.3/staging' branch; Version is '2021.3.9f1 (ad3870b89536) revision 11352176'; Using compiler version '192829333'; Build Type 'Release'
OS: 'Windows 10  (10.0.19045) 64bit Core' Language: 'en' Physical Memory: 16131 MB
BatchMode: 1, IsHumanControllingUs: 0, StartBugReporterOnCrash: 0, Is64bit: 1, IsPro: 1

COMMAND LINE ARGUMENTS:
C:\Program Files\Unity\Hub\Editor\2021.3.9f1\Editor\Unity.exe
-adb2
-batchMode
-noUpm
-name
AssetImportWorker2
-projectPath
C:/Users/watki/Documents/GitHub/game615-spring2023-06/Exercise06
-logFile
Logs/AssetImportWorker2.log
-srvPort
51354
Successfully changed project path to: C:/Users/watki/Documents/GitHub/game615-spring2023-06/Exercise06
C:/Users/watki/Documents/GitHub/game615-spring2023-06/Exercise06
[UnityMemory] Configuration Parameters - Can be set up in boot.config
    "memorysetup-bucket-allocator-granularity=16"
    "memorysetup-bucket-allocator-bucket-count=8"
    "memorysetup-bucket-allocator-block-size=33554432"
    "memorysetup-bucket-allocator-block-count=8"
    "memorysetup-main-allocator-block-size=16777216"
    "memorysetup-thread-allocator-block-size=16777216"
    "memorysetup-gfx-main-allocator-block-size=16777216"
    "memorysetup-gfx-thread-allocator-block-size=16777216"
    "memorysetup-cache-allocator-block-size=4194304"
    "memorysetup-typetree-allocator-block-size=2097152"
    "memorysetup-profiler-bucket-allocator-granularity=16"
    "memorysetup-profiler-bucket-allocator-bucket-count=8"
    "memorysetup-profiler-bucket-allocator-block-size=33554432"
    "memorysetup-profiler-bucket-allocator-block-count=8"
    "memorysetup-profiler-allocator-block-size=16777216"
    "memorysetup-profiler-editor-allocator-block-size=1048576"
    "memorysetup-temp-allocator-size-main=16777216"
    "memorysetup-job-temp-allocator-block-size=2097152"
    "memorysetup-job-temp-allocator-block-size-background=1048576"
    "memorysetup-job-temp-allocator-reduction-small-platforms=262144"
    "memorysetup-temp-allocator-size-background-worker=32768"
    "memorysetup-temp-allocator-size-job-worker=262144"
    "memorysetup-temp-allocator-size-preload-manager=33554432"
    "memorysetup-temp-allocator-size-nav-mesh-worker=65536"
    "memorysetup-temp-allocator-size-audio-worker=65536"
    "memorysetup-temp-allocator-size-cloud-worker=32768"
    "memorysetup-temp-allocator-size-gi-baking-worker=262144"
    "memorysetup-temp-allocator-size-gfx=262144"
Refreshing native plugins compatible for Editor in 192.29 ms, found 3 plugins.
Preloading 0 native plugins for Editor in 0.00 ms.
Initialize engine version: 2021.3.9f1 (ad3870b89536)
[Subsystems] Discovering subsystems at path C:/Program Files/Unity/Hub/Editor/2021.3.9f1/Editor/Data/Resources/UnitySubsystems
[Subsystems] Discovering subsystems at path C:/Users/watki/Documents/GitHub/game615-spring2023-06/Exercise06/Assets
GfxDevice: creating device client; threaded=0; jobified=0
Direct3D:
    Version:  Direct3D 11.0 [level 11.1]
    Renderer: NVIDIA GeForce RTX 3060 Laptop GPU (ID=0x2560)
    Vendor:   NVIDIA
    VRAM:     6009 MB
    Driver:   31.0.15.2756
Initialize mono
Mono path[0] = 'C:/Program Files/Unity/Hub/Editor/2021.3.9f1/Editor/Data/Managed'
Mono path[1] = 'C:/Program Files/Unity/Hub/Editor/2021.3.9f1/Editor/Data/MonoBleedingEdge/lib/mono/unityjit-win32'
Mono config path = 'C:/Program Files/Unity/Hub/Editor/2021.3.9f1/Editor/Data/MonoBleedingEdge/etc'
Using monoOptions --debugger-agent=transport=dt_socket,embedding=1,server=y,suspend=n,address=127.0.0.1:56568
Begin MonoManager ReloadAssembly
Registering precompiled unity dll's ...
Register platform support module: C:/Program Files/Unity/Hub/Editor/2021.3.9f1/Editor/Data/PlaybackEngines/WebGLSupport/UnityEditor.WebGL.Extensions.dll
Register platform support module: C:/Program Files/Unity/Hub/Editor/2021.3.9f1/Editor/Data/PlaybackEngines/WindowsStandaloneSupport/UnityEditor.WindowsStandalone.Extensions.dll
Registered in 0.020849 seconds.
Native extension for WindowsStandalone target not found
Native extension for WebGL target not found
Refreshing native plugins compatible for Editor in 252.18 ms, found 3 plugins.
Preloading 0 native plugins for Editor in 0.00 ms.
Mono: successfully reloaded assembly
- Completed reload, in  1.960 seconds
Domain Reload Profiling:
	ReloadAssembly (1961ms)
		BeginReloadAssembly (469ms)
			ExecutionOrderSort (0ms)
			DisableScriptedObjects (0ms)
			BackupInstance (0ms)
			ReleaseScriptingObjects (0ms)
			CreateAndSetChildDomain (1ms)
		EndReloadAssembly (1123ms)
			LoadAssemblies (460ms)
			RebuildTransferFunctionScriptingTraits (0ms)
			SetupTypeCache (312ms)
			ReleaseScriptCaches (0ms)
			RebuildScriptCaches (53ms)
			SetupLoadedEditorAssemblies (638ms)
				LogAssemblyErrors (0ms)
				InitializePlatformSupportModulesInManaged (20ms)
				SetLoadedEditorAssemblies (0ms)
				RefreshPlugins (252ms)
				BeforeProcessingInitializeOnLoad (2ms)
				ProcessInitializeOnLoadAttributes (280ms)
				ProcessInitializeOnLoadMethodAttributes (83ms)
				AfterProcessingInitializeOnLoad (0ms)
				EditorAssembliesLoaded (0ms)
			ExecutionOrderSort2 (0ms)
			AwakeInstancesAfterBackupRestoration (0ms)
Platform modules already initialized, skipping
Registering precompiled user dll's ...
Registered in 0.013135 seconds.
Begin MonoManager ReloadAssembly
Symbol file LoadedFromMemory doesn't match image C:\Users\watki\Documents\GitHub\game615-spring2023-06\Exercise06\Library\PackageCache\com.unity.visualscripting@1.7.8\Editor\VisualScripting.Core\Dependencies\YamlDotNet\Unity.VisualScripting.YamlDotNet.dll
Symbol file LoadedFromMemory doesn't match image C:\Users\watki\Documents\GitHub\game615-spring2023-06\Exercise06\Library\PackageCache\com.unity.visualscripting@1.7.8\Editor\VisualScripting.Core\Dependencies\DotNetZip\Unity.VisualScripting.IonicZip.dll
Native extension for WindowsStandalone target not found
Native extension for WebGL target not found
Refreshing native plugins compatible for Editor in 0.68 ms, found 3 plugins.
Preloading 0 native plugins for Editor in 0.00 ms.
Mono: successfully reloaded assembly
- Completed reload, in  2.049 seconds
Domain Reload Profiling:
	ReloadAssembly (2050ms)
		BeginReloadAssembly (181ms)
			ExecutionOrderSort (0ms)
			DisableScriptedObjects (9ms)
			BackupInstance (0ms)
			ReleaseScriptingObjects (0ms)
			CreateAndSetChildDomain (32ms)
		EndReloadAssembly (1661ms)
			LoadAssemblies (138ms)
			RebuildTransferFunctionScriptingTraits (0ms)
			SetupTypeCache (537ms)
			ReleaseScriptCaches (1ms)
			RebuildScriptCaches (102ms)
			SetupLoadedEditorAssemblies (797ms)
				LogAssemblyErrors (0ms)
				InitializePlatformSupportModulesInManaged (10ms)
				SetLoadedEditorAssemblies (1ms)
				RefreshPlugins (1ms)
				BeforeProcessingInitializeOnLoad (162ms)
				ProcessInitializeOnLoadAttributes (552ms)
				ProcessInitializeOnLoadMethodAttributes (52ms)
				AfterProcessingInitializeOnLoad (20ms)
				EditorAssembliesLoaded (0ms)
			ExecutionOrderSort2 (0ms)
			AwakeInstancesAfterBackupRestoration (12ms)
Platform modules already initialized, skipping
========================================================================
Worker process is ready to serve import requests
Launched and connected shader compiler UnityShaderCompiler.exe after 0.07 seconds
Refreshing native plugins compatible for Editor in 1.23 ms, found 3 plugins.
Preloading 0 native plugins for Editor in 0.00 ms.
Unloading 3398 Unused Serialized files (Serialized files now loaded: 0)
Unloading 27 unused Assets / (111.6 KB). Loaded Objects now: 3855.
Memory consumption went from 118.7 MB to 118.6 MB.
Total: 4.892700 ms (FindLiveObjects: 0.353200 ms CreateObjectMapping: 0.186600 ms MarkObjects: 4.175000 ms  DeleteObjects: 0.176800 ms)

AssetImportParameters requested are different than current active one (requested -> active):
  custom:video-decoder-ogg-theora: a1e56fd34408186e4bbccfd4996cb3dc -> 
  custom:container-muxer-webm: aa71ff27fc2769a1b78a27578f13a17b -> 
  custom:container-demuxer-webm: 4f35f7cbe854078d1ac9338744f61a02 -> 
  custom:video-encoder-webm-vp8: eb34c28f22e8b96e1ab97ce403110664 -> 
  custom:audio-encoder-webm-vorbis: bf7c407c2cedff20999df2af8eb42d56 -> 
  custom:framework-win-MediaFoundation: 216162199b28c13a410421893ffa2e32 -> 
  custom:container-demuxer-ogg: 62fdf1f143b41e24485cea50d1cbac27 -> 
  custom:video-decoder-webm-vp8: 9c59270c3fd7afecdb556c50c9e8de78 -> 
  custom:audio-decoder-ogg-vorbis: bf7c407c2cedff20999df2af8eb42d56 -> 
========================================================================
Received Import Request.
  Time since last request: 519726.671627 seconds.
  path: Assets/Coin.prefab
  artifactKey: Guid(9f89e71855c24443b8ba5c46fb5dbeb3) Importer(815301076,1909f56bfc062723c751e8b465ee728b)
Start importing Assets/Coin.prefab using Guid(9f89e71855c24443b8ba5c46fb5dbeb3) Importer(815301076,1909f56bfc062723c751e8b465ee728b)  -> (artifact id: '4d0fb311b4dc6e03602d728549a0dd59') in 0.552018 seconds 
========================================================================
Received Import Request.
  Time since last request: 325.230255 seconds.
  path: Assets/1332 Robot.obj
  artifactKey: Guid(00d56379e263e2c46a82080490e46357) Importer(815301076,1909f56bfc062723c751e8b465ee728b)
Start importing Assets/1332 Robot.obj using Guid(00d56379e263e2c46a82080490e46357) Importer(815301076,1909f56bfc062723c751e8b465ee728b)  -> (artifact id: '512f6ba1621d7664e6a6c469f533c054') in 0.097351 seconds 
========================================================================
Received Import Request.
  Time since last request: 0.000026 seconds.
  path: Assets/New Terrain.asset
  artifactKey: Guid(20ea248452120fb4786e5ac9032cfe43) Importer(815301076,1909f56bfc062723c751e8b465ee728b)
Start importing Assets/New Terrain.asset using Guid(20ea248452120fb4786e5ac9032cfe43) Importer(815301076,1909f56bfc062723c751e8b465ee728b)  -> (artifact id: 'b48940fabd179c16cecebb07b44c0a0a') in 0.015889 seconds 
========================================================================
Received Import Request.
  Time since last request: 0.000031 seconds.
  path: Assets/DefaultMaterial_Base_Color.png
  artifactKey: Guid(26893527088c29d45bbc806febb11fe7) Importer(815301076,1909f56bfc062723c751e8b465ee728b)
Start importing Assets/DefaultMaterial_Base_Color.png using Guid(26893527088c29d45bbc806febb11fe7) Importer(815301076,1909f56bfc062723c751e8b465ee728b)  -> (artifact id: 'cc6b755c9aa3ffccf88ebe9aa1a47eee') in 0.027425 seconds 
========================================================================
Received Import Request.
  Time since last request: 151.032477 seconds.
  path: Assets/hearts_brk/hearts_brk.ttf
  artifactKey: Guid(fda682ef04b9b42028fa23c1ea5eea06) Importer(815301076,1909f56bfc062723c751e8b465ee728b)
Start importing Assets/hearts_brk/hearts_brk.ttf using Guid(fda682ef04b9b42028fa23c1ea5eea06) Importer(815301076,1909f56bfc062723c751e8b465ee728b)  -> (artifact id: 'ff0a00e20f7bc7b4f3a651900044c789') in 0.028223 seconds 
========================================================================
Received Import Request.
  Time since last request: 6.656853 seconds.
  path: Assets/Materials/CoinMaterial.mat
  artifactKey: Guid(9b7e06b4b8eb845b79a19de26f32c047) Importer(815301076,1909f56bfc062723c751e8b465ee728b)
Start importing Assets/Materials/CoinMaterial.mat using Guid(9b7e06b4b8eb845b79a19de26f32c047) Importer(815301076,1909f56bfc062723c751e8b465ee728b)  -> (artifact id: 'f2ed2f06705d5c2ca64b0b01ce040fa5') in 0.017785 seconds 
========================================================================
Received Import Request.
  Time since last request: 0.000021 seconds.
  path: Assets/Materials/PlayerBodyMaterial.mat
  artifactKey: Guid(c14722519ff9d4080993d48a07e5e48d) Importer(815301076,1909f56bfc062723c751e8b465ee728b)
Start importing Assets/Materials/PlayerBodyMaterial.mat using Guid(c14722519ff9d4080993d48a07e5e48d) Importer(815301076,1909f56bfc062723c751e8b465ee728b)  -> (artifact id: '18d2f30a0600ab73082fd9820ee9e279') in 0.016655 seconds 
========================================================================
Received Import Request.
  Time since last request: 0.000031 seconds.
  path: Assets/Materials/EnemyEyeMaterial.mat
  artifactKey: Guid(430062ed5282f49409f0675a85645bbb) Importer(815301076,1909f56bfc062723c751e8b465ee728b)
Start importing Assets/Materials/EnemyEyeMaterial.mat using Guid(430062ed5282f49409f0675a85645bbb) Importer(815301076,1909f56bfc062723c751e8b465ee728b)  -> (artifact id: '92b32c9f37f781e881cf62e22c04854c') in 0.020672 seconds 
========================================================================
Received Import Request.
  Time since last request: 0.000027 seconds.
  path: Assets/Materials/DefaultMaterial_Base_Color.mat
  artifactKey: Guid(91d330791172a4d4bb6f95cdf3144284) Importer(815301076,1909f56bfc062723c751e8b465ee728b)
Start importing Assets/Materials/DefaultMaterial_Base_Color.mat using Guid(91d330791172a4d4bb6f95cdf3144284) Importer(815301076,1909f56bfc062723c751e8b465ee728b)  -> (artifact id: '89ae7cd571cc6a142f163b44e1f7a2fd') in 0.023536 seconds 
